Using pre-set license
Built from '2020.3/staging' branch; Version is '2020.3.38f1 (8f5fde82e2dc) revision 9396190'; Using compiler version '192528614'; Build Type 'Release'
OS: 'Windows 10  (10.0.19043) 64bit Education' Language: 'pl' Physical Memory: 16221 MB
BatchMode: 1, IsHumanControllingUs: 0, StartBugReporterOnCrash: 0, Is64bit: 1, IsPro: 0

COMMAND LINE ARGUMENTS:
D:\Unity editors\2020.3.38f1\Editor\Unity.exe
-adb2
-batchMode
-noUpm
-name
AssetImportWorker0
-projectPath
D:/Unity games/tryagain-gamejam-22-08-2022/TryAgain
-logFile
Logs/AssetImportWorker0.log
-srvPort
50760
Successfully changed project path to: D:/Unity games/tryagain-gamejam-22-08-2022/TryAgain
D:/Unity games/tryagain-gamejam-22-08-2022/TryAgain
Using Asset Import Pipeline V2.
Refreshing native plugins compatible for Editor in 47.37 ms, found 3 plugins.
Preloading 0 native plugins for Editor in 0.00 ms.
Initialize engine version: 2020.3.38f1 (8f5fde82e2dc)
[Subsystems] Discovering subsystems at path D:/Unity editors/2020.3.38f1/Editor/Data/Resources/UnitySubsystems
[Subsystems] Discovering subsystems at path D:/Unity games/tryagain-gamejam-22-08-2022/TryAgain/Assets
GfxDevice: creating device client; threaded=0
Direct3D:
    Version:  Direct3D 11.0 [level 11.1]
    Renderer: NVIDIA GeForce GTX 1650 (ID=0x1f91)
    Vendor:   
    VRAM:     3962 MB
    Driver:   31.0.15.1659
Initialize mono
Mono path[0] = 'D:/Unity editors/2020.3.38f1/Editor/Data/Managed'
Mono path[1] = 'D:/Unity editors/2020.3.38f1/Editor/Data/MonoBleedingEdge/lib/mono/unityjit'
Mono config path = 'D:/Unity editors/2020.3.38f1/Editor/Data/MonoBleedingEdge/etc'
Using monoOptions --debugger-agent=transport=dt_socket,embedding=1,server=y,suspend=n,address=127.0.0.1:56212
Begin MonoManager ReloadAssembly
Registering precompiled unity dll's ...
Register platform support module: D:/Unity editors/2020.3.38f1/Editor/Data/PlaybackEngines/WebGLSupport/UnityEditor.WebGL.Extensions.dll
Register platform support module: D:/Unity editors/2020.3.38f1/Editor/Data/PlaybackEngines/WindowsStandaloneSupport/UnityEditor.WindowsStandalone.Extensions.dll
Registered in 0.001321 seconds.
Native extension for WindowsStandalone target not found
Native extension for WebGL target not found
Refreshing native plugins compatible for Editor in 42.22 ms, found 3 plugins.
Preloading 0 native plugins for Editor in 0.00 ms.
Mono: successfully reloaded assembly
- Completed reload, in  0.566 seconds
Domain Reload Profiling:
	ReloadAssembly (566ms)
		BeginReloadAssembly (68ms)
			ExecutionOrderSort (0ms)
			DisableScriptedObjects (0ms)
			BackupInstance (0ms)
			ReleaseScriptingObjects (0ms)
			CreateAndSetChildDomain (1ms)
		EndReloadAssembly (436ms)
			LoadAssemblies (67ms)
			RebuildTransferFunctionScriptingTraits (0ms)
			SetupTypeCache (140ms)
			ReleaseScriptCaches (0ms)
			RebuildScriptCaches (34ms)
			SetupLoadedEditorAssemblies (168ms)
				LogAssemblyErrors (0ms)
				InitializePlatformSupportModulesInManaged (5ms)
				SetLoadedEditorAssemblies (0ms)
				RefreshPlugins (42ms)
				BeforeProcessingInitializeOnLoad (13ms)
				ProcessInitializeOnLoadAttributes (82ms)
				ProcessInitializeOnLoadMethodAttributes (26ms)
				AfterProcessingInitializeOnLoad (0ms)
				EditorAssembliesLoaded (0ms)
			ExecutionOrderSort2 (0ms)
			AwakeInstancesAfterBackupRestoration (0ms)
Platform modules already initialized, skipping
Registering precompiled user dll's ...
Registered in 0.002503 seconds.
Begin MonoManager ReloadAssembly
Native extension for WindowsStandalone target not found
Native extension for WebGL target not found
Refreshing native plugins compatible for Editor in 43.05 ms, found 3 plugins.
Preloading 0 native plugins for Editor in 0.00 ms.
Mono: successfully reloaded assembly
- Completed reload, in  1.084 seconds
Domain Reload Profiling:
	ReloadAssembly (1084ms)
		BeginReloadAssembly (154ms)
			ExecutionOrderSort (0ms)
			DisableScriptedObjects (6ms)
			BackupInstance (0ms)
			ReleaseScriptingObjects (0ms)
			CreateAndSetChildDomain (20ms)
		EndReloadAssembly (878ms)
			LoadAssemblies (98ms)
			RebuildTransferFunctionScriptingTraits (0ms)
			SetupTypeCache (275ms)
			ReleaseScriptCaches (0ms)
			RebuildScriptCaches (55ms)
			SetupLoadedEditorAssemblies (353ms)
				LogAssemblyErrors (0ms)
				InitializePlatformSupportModulesInManaged (4ms)
				SetLoadedEditorAssemblies (0ms)
				RefreshPlugins (43ms)
				BeforeProcessingInitializeOnLoad (77ms)
				ProcessInitializeOnLoadAttributes (205ms)
				ProcessInitializeOnLoadMethodAttributes (21ms)
				AfterProcessingInitializeOnLoad (2ms)
				EditorAssembliesLoaded (0ms)
			ExecutionOrderSort2 (0ms)
			AwakeInstancesAfterBackupRestoration (2ms)
Platform modules already initialized, skipping
========================================================================
Worker process is ready to serve import requests
Launched and connected shader compiler UnityShaderCompiler.exe after 0.07 seconds
Refreshing native plugins compatible for Editor in 0.46 ms, found 3 plugins.
Preloading 0 native plugins for Editor in 0.00 ms.
Unloading 2236 Unused Serialized files (Serialized files now loaded: 0)
System memory in use before: 98.1 MB.
System memory in use after: 98.0 MB.

Unloading 31 unused Assets to reduce memory usage. Loaded Objects now: 2669.
Total: 2.765300 ms (FindLiveObjects: 0.140900 ms CreateObjectMapping: 0.074600 ms MarkObjects: 2.420600 ms  DeleteObjects: 0.128300 ms)

AssetImportParameters requested are different than current active one (requested -> active):
  custom:framework-win-MediaFoundation: 216162199b28c13a410421893ffa2e32 -> 
  custom:video-decoder-ogg-theora: a1e56fd34408186e4bbccfd4996cb3dc -> 
  custom:container-muxer-webm: aa71ff27fc2769a1b78a27578f13a17b -> 
  custom:container-demuxer-webm: 4f35f7cbe854078d1ac9338744f61a02 -> 
  custom:container-demuxer-ogg: 62fdf1f143b41e24485cea50d1cbac27 -> 
  custom:video-encoder-webm-vp8: eb34c28f22e8b96e1ab97ce403110664 -> 
  custom:video-decoder-webm-vp8: 9c59270c3fd7afecdb556c50c9e8de78 -> 
  custom:audio-decoder-ogg-vorbis: bf7c407c2cedff20999df2af8eb42d56 -> 
  custom:audio-encoder-webm-vorbis: bf7c407c2cedff20999df2af8eb42d56 -> 
========================================================================
Received Import Request.
  path: Assets/Sprites/sword_swipe.png
  artifactKey: Guid(d4fd2488284ff4f43b1f423f57e1dc52) Importer(815301076,1909f56bfc062723c751e8b465ee728b)
Start importing Assets/Sprites/sword_swipe.png using Guid(d4fd2488284ff4f43b1f423f57e1dc52) Importer(815301076,1909f56bfc062723c751e8b465ee728b)  -> (artifact id: 'ed87c8f8199d1784f32d7c4c41f3fdc8') in 0.139399 seconds 
========================================================================
Received Import Request.
  Time since last request: 5.441632 seconds.
  path: Assets/Sprites/sword_swipe.png
  artifactKey: Guid(d4fd2488284ff4f43b1f423f57e1dc52) Importer(815301076,1909f56bfc062723c751e8b465ee728b)
Start importing Assets/Sprites/sword_swipe.png using Guid(d4fd2488284ff4f43b1f423f57e1dc52) Importer(815301076,1909f56bfc062723c751e8b465ee728b)  -> (artifact id: '2a4a9cb572588284b2199f72a9ed572c') in 0.024123 seconds 
========================================================================
Received Import Request.
  Time since last request: 500.872276 seconds.
  path: Assets/Sprites/attack_input.png
  artifactKey: Guid(a1164d4d6823611478c362422613c07a) Importer(815301076,1909f56bfc062723c751e8b465ee728b)
Start importing Assets/Sprites/attack_input.png using Guid(a1164d4d6823611478c362422613c07a) Importer(815301076,1909f56bfc062723c751e8b465ee728b)  -> (artifact id: '52dec178696ff91181eeb8e8576ce252') in 0.020937 seconds 
========================================================================
Received Import Request.
  Time since last request: 1.156949 seconds.
  path: Assets/Sprites/player.png
  artifactKey: Guid(1718ecfa000526d429d2a634d85160c8) Importer(815301076,1909f56bfc062723c751e8b465ee728b)
Start importing Assets/Sprites/player.png using Guid(1718ecfa000526d429d2a634d85160c8) Importer(815301076,1909f56bfc062723c751e8b465ee728b)  -> (artifact id: '1ca4945f6db1d8b2339700319cfb341e') in 0.033237 seconds 
========================================================================
Received Import Request.
  Time since last request: 3.533373 seconds.
  path: Assets/Sprites/melee.png
  artifactKey: Guid(b48cd8f3689d38244813e4206fa1a904) Importer(815301076,1909f56bfc062723c751e8b465ee728b)
Start importing Assets/Sprites/melee.png using Guid(b48cd8f3689d38244813e4206fa1a904) Importer(815301076,1909f56bfc062723c751e8b465ee728b)  -> (artifact id: '010b33aa04d7a2ac2ee183f0784e013d') in 0.022152 seconds 
========================================================================
Received Import Request.
  Time since last request: 11.013588 seconds.
  path: Assets/Sprites/melee.png
  artifactKey: Guid(b48cd8f3689d38244813e4206fa1a904) Importer(815301076,1909f56bfc062723c751e8b465ee728b)
Start importing Assets/Sprites/melee.png using Guid(b48cd8f3689d38244813e4206fa1a904) Importer(815301076,1909f56bfc062723c751e8b465ee728b)  -> (artifact id: 'de441a2af9d29cd71c05191358cdcb26') in 0.009350 seconds 
========================================================================
Received Import Request.
  Time since last request: 9.610350 seconds.
  path: Assets/Prefabs/Tile tutorial.prefab
  artifactKey: Guid(c74f3aa08507f4049b834873620b55c9) Importer(815301076,1909f56bfc062723c751e8b465ee728b)
Start importing Assets/Prefabs/Tile tutorial.prefab using Guid(c74f3aa08507f4049b834873620b55c9) Importer(815301076,1909f56bfc062723c751e8b465ee728b)  -> (artifact id: 'aeb8de68f1c07c126eab87070ad14019') in 0.038063 seconds 
========================================================================
Received Import Request.
  Time since last request: 134.580235 seconds.
  path: Assets/Sprites/jump_input.png
  artifactKey: Guid(45d98077c8ec6db49b59286e12bdf0fd) Importer(815301076,1909f56bfc062723c751e8b465ee728b)
Start importing Assets/Sprites/jump_input.png using Guid(45d98077c8ec6db49b59286e12bdf0fd) Importer(815301076,1909f56bfc062723c751e8b465ee728b)  -> (artifact id: '38d6e35ea71a3589b94761e9b9025ff9') in 0.008929 seconds 
========================================================================
Received Import Request.
  Time since last request: 10.318968 seconds.
  path: Assets/Sprites/attack_input.png
  artifactKey: Guid(a1164d4d6823611478c362422613c07a) Importer(815301076,1909f56bfc062723c751e8b465ee728b)
Start importing Assets/Sprites/attack_input.png using Guid(a1164d4d6823611478c362422613c07a) Importer(815301076,1909f56bfc062723c751e8b465ee728b)  -> (artifact id: '7fa4234b4cfceed3221d5fe089b5d04a') in 0.014336 seconds 
========================================================================
Received Import Request.
  Time since last request: 2.861554 seconds.
  path: Assets/Sprites/jump_input.png
  artifactKey: Guid(45d98077c8ec6db49b59286e12bdf0fd) Importer(815301076,1909f56bfc062723c751e8b465ee728b)
Start importing Assets/Sprites/jump_input.png using Guid(45d98077c8ec6db49b59286e12bdf0fd) Importer(815301076,1909f56bfc062723c751e8b465ee728b)  -> (artifact id: '83c5ab67a7e89fbd9d625ecf7f0da236') in 0.008298 seconds 
========================================================================
Received Import Request.
  Time since last request: 5.822194 seconds.
  path: Assets/Sprites/jump_input.png
  artifactKey: Guid(45d98077c8ec6db49b59286e12bdf0fd) Importer(815301076,1909f56bfc062723c751e8b465ee728b)
Start importing Assets/Sprites/jump_input.png using Guid(45d98077c8ec6db49b59286e12bdf0fd) Importer(815301076,1909f56bfc062723c751e8b465ee728b)  -> (artifact id: '48ca15ceb1232726aa29b094301c2235') in 0.008929 seconds 
========================================================================
Received Import Request.
  Time since last request: 4.527297 seconds.
  path: Assets/Sprites/jump_input.png
  artifactKey: Guid(45d98077c8ec6db49b59286e12bdf0fd) Importer(815301076,1909f56bfc062723c751e8b465ee728b)
Start importing Assets/Sprites/jump_input.png using Guid(45d98077c8ec6db49b59286e12bdf0fd) Importer(815301076,1909f56bfc062723c751e8b465ee728b)  -> (artifact id: 'd8342e2683b8d43ca7f72c987170545b') in 0.007997 seconds 
========================================================================
Received Import Request.
  Time since last request: 409.281638 seconds.
  path: Assets/Sprites/wall_jump_input.png
  artifactKey: Guid(10c927a0babefce48a90d56583f0e02c) Importer(815301076,1909f56bfc062723c751e8b465ee728b)
Start importing Assets/Sprites/wall_jump_input.png using Guid(10c927a0babefce48a90d56583f0e02c) Importer(815301076,1909f56bfc062723c751e8b465ee728b)  -> (artifact id: 'e47e1fe1b4918b73d97c4dd2f32e381a') in 0.012132 seconds 
========================================================================
Received Import Request.
  Time since last request: 53.568198 seconds.
  path: Assets/Sprites/jump_input.png
  artifactKey: Guid(45d98077c8ec6db49b59286e12bdf0fd) Importer(815301076,1909f56bfc062723c751e8b465ee728b)
Start importing Assets/Sprites/jump_input.png using Guid(45d98077c8ec6db49b59286e12bdf0fd) Importer(815301076,1909f56bfc062723c751e8b465ee728b)  -> (artifact id: '9955b838013fd8de83808bdd4c7726c4') in 0.008578 seconds 
========================================================================
Received Import Request.
  Time since last request: 42.102267 seconds.
  path: Assets/Sprites/wall_leap_input.png
  artifactKey: Guid(ca446e59c26b4f54596943e101d29511) Importer(815301076,1909f56bfc062723c751e8b465ee728b)
Start importing Assets/Sprites/wall_leap_input.png using Guid(ca446e59c26b4f54596943e101d29511) Importer(815301076,1909f56bfc062723c751e8b465ee728b)  -> (artifact id: '749b31f60b49c37e6bb6472a13ed8284') in 0.012668 seconds 
========================================================================
Received Import Request.
  Time since last request: 35.180063 seconds.
  path: Assets/Prefabs/Player.prefab
  artifactKey: Guid(042ca86cbef50124b855528234219bfb) Importer(815301076,1909f56bfc062723c751e8b465ee728b)
Start importing Assets/Prefabs/Player.prefab using Guid(042ca86cbef50124b855528234219bfb) Importer(815301076,1909f56bfc062723c751e8b465ee728b)  -> (artifact id: '93a1134ad989f03b94ba13293db4b7b1') in 0.017983 seconds 
========================================================================
Received Import Request.
  Time since last request: 19.625341 seconds.
  path: Assets/Sprites/player.png
  artifactKey: Guid(1718ecfa000526d429d2a634d85160c8) Importer(815301076,1909f56bfc062723c751e8b465ee728b)
Start importing Assets/Sprites/player.png using Guid(1718ecfa000526d429d2a634d85160c8) Importer(815301076,1909f56bfc062723c751e8b465ee728b)  -> (artifact id: '4d5a165c682c22d85a0d5d9755388ff7') in 0.008796 seconds 
========================================================================
Received Import Request.
  Time since last request: 0.000364 seconds.
  path: Assets/Sprites/wall_jump_input.png
  artifactKey: Guid(10c927a0babefce48a90d56583f0e02c) Importer(815301076,1909f56bfc062723c751e8b465ee728b)
Start importing Assets/Sprites/wall_jump_input.png using Guid(10c927a0babefce48a90d56583f0e02c) Importer(815301076,1909f56bfc062723c751e8b465ee728b)  -> (artifact id: '8b2e4e8f5f8998931045329221f17429') in 0.010789 seconds 
========================================================================
Received Import Request.
  Time since last request: 29.039613 seconds.
  path: Assets/Prefabs/Afterimage.prefab
  artifactKey: Guid(028095f1c5a4e4d46b0a097fd73e750d) Importer(815301076,1909f56bfc062723c751e8b465ee728b)
Start importing Assets/Prefabs/Afterimage.prefab using Guid(028095f1c5a4e4d46b0a097fd73e750d) Importer(815301076,1909f56bfc062723c751e8b465ee728b)  -> (artifact id: 'db02351ddecfab2f777778705baa14d2') in 0.018417 seconds 
========================================================================
Received Import Request.
  Time since last request: 18.060158 seconds.
  path: Assets/Prefabs/Afterimage.prefab
  artifactKey: Guid(028095f1c5a4e4d46b0a097fd73e750d) Importer(815301076,1909f56bfc062723c751e8b465ee728b)
Start importing Assets/Prefabs/Afterimage.prefab using Guid(028095f1c5a4e4d46b0a097fd73e750d) Importer(815301076,1909f56bfc062723c751e8b465ee728b)  -> (artifact id: '7efb2a6cee28f0336db6166f365787ff') in 0.008415 seconds 
========================================================================
Received Prepare
Registering precompiled user dll's ...
Registered in 0.002450 seconds.
Begin MonoManager ReloadAssembly
Native extension for WindowsStandalone target not found
Native extension for WebGL target not found
Refreshing native plugins compatible for Editor in 0.42 ms, found 3 plugins.
Preloading 0 native plugins for Editor in 0.00 ms.
Mono: successfully reloaded assembly
- Completed reload, in  0.957 seconds
Domain Reload Profiling:
	ReloadAssembly (957ms)
		BeginReloadAssembly (115ms)
			ExecutionOrderSort (0ms)
			DisableScriptedObjects (6ms)
			BackupInstance (0ms)
			ReleaseScriptingObjects (0ms)
			CreateAndSetChildDomain (36ms)
		EndReloadAssembly (790ms)
			LoadAssemblies (90ms)
			RebuildTransferFunctionScriptingTraits (0ms)
			SetupTypeCache (266ms)
			ReleaseScriptCaches (1ms)
			RebuildScriptCaches (48ms)
			SetupLoadedEditorAssemblies (304ms)
				LogAssemblyErrors (0ms)
				InitializePlatformSupportModulesInManaged (5ms)
				SetLoadedEditorAssemblies (0ms)
				RefreshPlugins (0ms)
				BeforeProcessingInitializeOnLoad (94ms)
				ProcessInitializeOnLoadAttributes (186ms)
				ProcessInitializeOnLoadMethodAttributes (15ms)
				AfterProcessingInitializeOnLoad (2ms)
				EditorAssembliesLoaded (0ms)
			ExecutionOrderSort2 (0ms)
			AwakeInstancesAfterBackupRestoration (4ms)
Platform modules already initialized, skipping
Refreshing native plugins compatible for Editor in 0.42 ms, found 3 plugins.
Preloading 0 native plugins for Editor in 0.00 ms.
Unloading 2231 Unused Serialized files (Serialized files now loaded: 0)
System memory in use before: 101.2 MB.
System memory in use after: 101.2 MB.

Unloading 22 unused Assets to reduce memory usage. Loaded Objects now: 2694.
Total: 2.852200 ms (FindLiveObjects: 0.157800 ms CreateObjectMapping: 0.067200 ms MarkObjects: 2.493600 ms  DeleteObjects: 0.132900 ms)

AssetImportParameters requested are different than current active one (requested -> active):
  custom:framework-win-MediaFoundation: 216162199b28c13a410421893ffa2e32 -> 
  custom:video-decoder-ogg-theora: a1e56fd34408186e4bbccfd4996cb3dc -> 
  custom:container-muxer-webm: aa71ff27fc2769a1b78a27578f13a17b -> 
  custom:container-demuxer-webm: 4f35f7cbe854078d1ac9338744f61a02 -> 
  custom:container-demuxer-ogg: 62fdf1f143b41e24485cea50d1cbac27 -> 
  custom:video-encoder-webm-vp8: eb34c28f22e8b96e1ab97ce403110664 -> 
  custom:video-decoder-webm-vp8: 9c59270c3fd7afecdb556c50c9e8de78 -> 
  custom:audio-decoder-ogg-vorbis: bf7c407c2cedff20999df2af8eb42d56 -> 
  custom:audio-encoder-webm-vorbis: bf7c407c2cedff20999df2af8eb42d56 -> 
========================================================================
Received Prepare
Refreshing native plugins compatible for Editor in 2.83 ms, found 3 plugins.
Preloading 0 native plugins for Editor in 0.00 ms.
Unloading 18 Unused Serialized files (Serialized files now loaded: 0)
System memory in use before: 57.3 MB.
System memory in use after: 57.2 MB.

Unloading 18 unused Assets to reduce memory usage. Loaded Objects now: 2694.
Total: 3.184400 ms (FindLiveObjects: 0.162200 ms CreateObjectMapping: 0.092300 ms MarkObjects: 2.821100 ms  DeleteObjects: 0.107500 ms)

AssetImportParameters requested are different than current active one (requested -> active):
  custom:framework-win-MediaFoundation: 216162199b28c13a410421893ffa2e32 -> 
  custom:video-decoder-ogg-theora: a1e56fd34408186e4bbccfd4996cb3dc -> 
  custom:container-muxer-webm: aa71ff27fc2769a1b78a27578f13a17b -> 
  custom:container-demuxer-webm: 4f35f7cbe854078d1ac9338744f61a02 -> 
  custom:container-demuxer-ogg: 62fdf1f143b41e24485cea50d1cbac27 -> 
  custom:video-encoder-webm-vp8: eb34c28f22e8b96e1ab97ce403110664 -> 
  custom:video-decoder-webm-vp8: 9c59270c3fd7afecdb556c50c9e8de78 -> 
  custom:audio-decoder-ogg-vorbis: bf7c407c2cedff20999df2af8eb42d56 -> 
  custom:audio-encoder-webm-vorbis: bf7c407c2cedff20999df2af8eb42d56 -> 
AssetImportWorkerClient::OnTransportError - code=2 error=End of file
